PRT1
297
656
4 1 3 (14336 15360 -15640 ) (14336 15360 -16344 ) (14336 15232 -16344 ) (14336 15232 -15640 ) 
7 1 2 (14336 15232 -16344 ) (15296 15232 -16344 ) (15296 15232 -15960 ) (15240 15232 -15792 ) (15144.001953 15232 -15696 ) (14976.001953 15232 -15640 ) (14336 15232 -15640 ) 
7 2 5 (15360 14336 -16344 ) (15360 14336 -15960 ) (15296 14336 -15767.998047 ) (15168.003906 14336 -15640.001953 ) (14975.998047 14336 -15576 ) (14336 14336 -15576 ) (14336 14336 -16344 ) 
4 2 4 (14336 15232 -16344 ) (14336 14336 -16344 ) (14336 14336 -15576 ) (14336 15232 -15576 ) 
4 3 35 (13312 15232 -16344 ) (13312 15232 -15960 ) (13312 15360 -15960 ) (13312 15360 -16344 ) 
4 3 28 (13312 15232 -15960 ) (13312 15232 -15913 ) (13312 15360 -15913 ) (13312 15360 -15960 ) 
4 3 24 (13312 15232 -15913 ) (13312 15232 -15911 ) (13312 15360 -15911 ) (13312 15360 -15913 ) 
4 3 23 (13312 15232 -15911 ) (13312 15232 -15640 ) (13312 15360 -15640 ) (13312 15360 -15911 ) 
4 3 4 (14336 15232 -16344 ) (14336 15232 -15640 ) (13312 15232 -15640 ) (13312 15232 -16344 ) 
4 4 35 (13312 14336 -16344 ) (13312 14336 -15960 ) (13312 15232 -15960 ) (13312 15232 -16344 ) 
4 4 34 (13312 14336 -15960 ) (13312 14336 -15913 ) (13312 15232 -15913 ) (13312 15232 -15960 ) 
4 4 27 (13312 14336 -15913 ) (13312 14336 -15576 ) (13312 15232 -15576 ) (13312 15232 -15913 ) 
4 4 6 (14336 14336 -16344 ) (14336 14336 -15576 ) (13312 14336 -15576 ) (13312 14336 -16344 ) 
7 5 89 (15144.001953 13312 -15696 ) (14976 13312 -15640 ) (14336 13312 -15640 ) (14336 13312 -16344 ) (15296 13312 -16344 ) (15296 13312 -15960 ) (15240 13312 -15792 ) 
4 5 6 (14336 14336 -15576 ) (14336 14336 -16344 ) (14336 13312 -16344 ) (14336 13312 -15576 ) 
4 6 91 (14336 13312 -16344 ) (14336 13312 -15640 ) (13312 13312 -15640 ) (13312 13312 -16344 ) 
4 6 56 (13312 13312 -16344 ) (13312 13312 -15576 ) (13312 14336 -15576 ) (13312 14336 -16344 ) 
4 7 12 (12756 15659 -15960 ) (12844 15659 -15960 ) (12844 15659 -15840 ) (12756 15659 -15840 ) 
4 7 13 (12416 15659 -15840 ) (12416 15659 -15960 ) (12752 15659 -15960 ) (12752 15659 -15840 ) 
4 7 11 (12848 15659 -15960 ) (13184 15659 -15960 ) (13184 15659 -15840 ) (12848 15659 -15840 ) 
4 7 9 (12848 15659 -15836 ) (12848 15659 -15704 ) (12752 15659 -15704 ) (12752 15659 -15836 ) 
4 7 8 (12848 15659 -15840 ) (13184 15659 -15840 ) (13184 15659 -15704 ) (12848 15659 -15704 ) 
4 7 10 (12416 15659 -15704 ) (12416 15659 -15840 ) (12752 15659 -15840 ) (12752 15659 -15704 ) 
4 8 14 (12848 15643 -15840 ) (13184 15643 -15840 ) (13184 15643 -15704 ) (12848 15643 -15704 ) 
4 8 11 (13184 15643 -15840 ) (12848 15643 -15840 ) (12848 15659 -15840 ) (13184 15659 -15840 ) 
4 8 9 (12848 15659 -15704 ) (12848 15659 -15836 ) (12848 15643 -15836 ) (12848 15643 -15704 ) 
4 9 14 (12848 15643 -15836 ) (12848 15643 -15704 ) (12752 15643 -15704 ) (12752 15643 -15836 ) 
4 9 10 (12752 15659 -15704 ) (12752 15659 -15836 ) (12752 15643 -15836 ) (12752 15643 -15704 ) 
4 10 14 (12416 15643 -15704 ) (12416 15643 -15840 ) (12752 15643 -15840 ) (12752 15643 -15704 ) 
4 10 13 (12752 15643 -15840 ) (12416 15643 -15840 ) (12416 15659 -15840 ) (12752 15659 -15840 ) 
4 11 15 (12848 15643 -15960 ) (13184 15643 -15960 ) (13184 15643 -15959 ) (12848 15643 -15959 ) 
4 11 14 (13184 15643 -15959 ) (13184 15643 -15840 ) (12848 15643 -15840 ) (12848 15643 -15959 ) 
4 12 16 (12756 15643 -15960 ) (12787.250977 15643 -15960 ) (12787.250977 15643 -15959 ) (12756 15643 -15959 ) 
4 12 15 (12787.250977 15643 -15960 ) (12844 15643 -15960 ) (12844 15643 -15959 ) (12787.250977 15643 -15959 ) 
4 12 14 (12844 15643 -15959 ) (12844 15643 -15840 ) (12756 15643 -15840 ) (12756 15643 -15959 ) 
4 13 16 (12416 15643 -15959 ) (12416 15643 -15960 ) (12752 15643 -15960 ) (12752 15643 -15959 ) 
4 13 14 (12416 15643 -15840 ) (12416 15643 -15959 ) (12752 15643 -15959 ) (12752 15643 -15840 ) 
4 14 18 (12792 15594 -15959 ) (12808 15594 -15959 ) (12808 15594 -15704 ) (12792 15594 -15704 ) 
4 14 17 (12808 15594 -15959 ) (13184 15594 -15959 ) (13184 15594 -15704 ) (12808 15594 -15704 ) 
4 14 20 (12416 15594 -15704 ) (12416 15594 -15959 ) (12792 15594 -15959 ) (12792 15594 -15704 ) 
5 14 16 (12776 15594 -15959 ) (12416 15594 -15959 ) (12416 15643 -15959 ) (12787.250977 15643 -15959 ) (12800 15626 -15959 ) 
4 14 15 (13184 15594 -15959 ) (12824 15594 -15959 ) (12787.250977 15643 -15959 ) (13184 15643 -15959 ) 
4 15 17 (12824 15594 -15960 ) (13184 15594 -15960 ) (13184 15594 -15959 ) (12824 15594 -15959 ) 
4 15 16 (12799.998047 15625.997070 -15959 ) (12787.246094 15643 -15959 ) (12787.246094 15643 -15960 ) (12799.998047 15625.997070 -15960 ) 
4 16 20 (12416 15594 -15959 ) (12416 15594 -15960 ) (12776 15594 -15960 ) (12776 15594 -15959 ) 
4 17 21 (12808 15504 -15960 ) (13120 15504 -15960 ) (13120 15504 -15704 ) (12808 15504 -15704 ) 
4 17 18 (12808 15594 -15704 ) (12808 15594 -15959 ) (12808 15562 -15959 ) (12808 15562 -15704 ) 
4 17 19 (12808 15562 -15960 ) (12808 15504 -15960 ) (12808 15504 -15704 ) (12808 15562 -15704 ) 
4 18 19 (12792 15562 -15704 ) (12792 15562 -15959 ) (12808 15562 -15959 ) (12808 15562 -15704 ) 
4 18 20 (12792 15594 -15704 ) (12792 15594 -15959 ) (12792 15562 -15959 ) (12792 15562 -15704 ) 
4 19 21 (12792 15504 -15960 ) (12808 15504 -15960 ) (12808 15504 -15704 ) (12792 15504 -15704 ) 
4 19 20 (12792 15562 -15960 ) (12792 15504 -15960 ) (12792 15504 -15704 ) (12792 15562 -15704 ) 
4 20 21 (12480 15504 -15960 ) (12792 15504 -15960 ) (12792 15504 -15704 ) (12480 15504 -15704 ) 
6 21 22 (12640 15376 -15960 ) (12960 15376 -15960 ) (12960 15376 -15832 ) (12928 15376 -15800 ) (12672 15376 -15800 ) (12640 15376 -15832 ) 
4 22 30 (12640 15360 -15913 ) (12640 15360 -15960 ) (12960 15360 -15960 ) (12960 15360 -15913 ) 
4 22 25 (12640 15360 -15911 ) (12640 15360 -15913 ) (12960 15360 -15913 ) (12960 15360 -15911 ) 
6 22 23 (12928 15360 -15800 ) (12672 15360 -15800 ) (12640 15360 -15832 ) (12640 15360 -15911 ) (12960 15360 -15911 ) (12960 15360 -15832 ) 
4 23 54 (12288 15360 -15640 ) (12288 15360 -15911 ) (12288 15232 -15911 ) (12288 15232 -15640 ) 
4 23 27 (12288 15232 -15640 ) (12288 15232 -15911 ) (13312 15232 -15911 ) (13312 15232 -15640 ) 
4 23 26 (12415 15232 -15911 ) (12288 15232 -15911 ) (12288 15360 -15911 ) (12415 15360 -15911 ) 
4 23 25 (12417 15234 -15911 ) (12417 15360 -15911 ) (13183 15360 -15911 ) (13183 15234 -15911 ) 
4 23 24 (13312 15232 -15911 ) (13185 15232 -15911 ) (13185 15360 -15911 ) (13312 15360 -15911 ) 
4 24 28 (13185 15360 -15913 ) (13312 15360 -15913 ) (13312 15232 -15913 ) (13185 15232 -15913 ) 
4 24 27 (13185 15232 -15913 ) (13312 15232 -15913 ) (13312 15232 -15911 ) (13185 15232 -15911 ) 
4 25 30 (12417 15360 -15913 ) (13183 15360 -15913 ) (13183 15234 -15913 ) (12417 15234 -15913 ) 
4 26 54 (12288 15360 -15911 ) (12288 15360 -15913 ) (12288 15232 -15913 ) (12288 15232 -15911 ) 
4 26 33 (12288 15232 -15913 ) (12288 15360 -15913 ) (12415 15360 -15913 ) (12415 15232 -15913 ) 
4 26 27 (12288 15232 -15911 ) (12288 15232 -15913 ) (12415 15232 -15913 ) (12415 15232 -15911 ) 
4 27 56 (13312 14336 -15913 ) (13312 14336 -15576 ) (12288 14336 -15576 ) (12288 14336 -15913 ) 
4 27 55 (12288 15232 -15913 ) (12288 14336 -15913 ) (12288 14336 -15576 ) (12288 15232 -15576 ) 
4 27 34 (13312 14336 -15913 ) (12288 14336 -15913 ) (12288 15232 -15913 ) (13312 15232 -15913 ) 
4 28 35 (13185 15360 -15960 ) (13312 15360 -15960 ) (13312 15232 -15960 ) (13185 15232 -15960 ) 
4 28 34 (13185 15232 -15960 ) (13312 15232 -15960 ) (13312 15232 -15913 ) (13185 15232 -15913 ) 
4 28 29 (13185 15360 -15960 ) (13185 15232 -15960 ) (13185 15232 -15913 ) (13185 15360 -15913 ) 
4 29 35 (13184 15360 -15960 ) (13185 15360 -15960 ) (13185 15232 -15960 ) (13184 15232 -15960 ) 
4 29 31 (13183 15234 -15960 ) (13183 15232 -15960 ) (13183 15232 -15913 ) (13183 15234 -15913 ) 
4 29 30 (13183 15360 -15960 ) (13183 15234 -15960 ) (13183 15234 -15913 ) (13183 15360 -15913 ) 
4 29 34 (13183 15232 -15960 ) (13185 15232 -15960 ) (13185 15232 -15913 ) (13183 15232 -15913 ) 
4 30 32 (12417 15360 -15960 ) (12417 15234 -15960 ) (12417 15234 -15913 ) (12417 15360 -15913 ) 
4 30 31 (12417 15234 -15913 ) (12417 15234 -15960 ) (13183 15234 -15960 ) (13183 15234 -15913 ) 
4 31 32 (12417 15234 -15960 ) (12417 15232 -15960 ) (12417 15232 -15913 ) (12417 15234 -15913 ) 
4 31 34 (12417 15232 -15960 ) (13183 15232 -15960 ) (13183 15232 -15913 ) (12417 15232 -15913 ) 
4 32 47 (12415 15360 -15960 ) (12416 15360 -15960 ) (12416 15232 -15960 ) (12415 15232 -15960 ) 
4 32 34 (12415 15232 -15960 ) (12417 15232 -15960 ) (12417 15232 -15913 ) (12415 15232 -15913 ) 
4 32 33 (12415 15360 -15960 ) (12415 15232 -15960 ) (12415 15232 -15913 ) (12415 15360 -15913 ) 
4 33 54 (12288 15360 -15913 ) (12288 15360 -15960 ) (12288 15232 -15960 ) (12288 15232 -15913 ) 
4 33 47 (12288 15232 -15960 ) (12288 15360 -15960 ) (12415 15360 -15960 ) (12415 15232 -15960 ) 
4 33 34 (12288 15232 -15960 ) (12415 15232 -15960 ) (12415 15232 -15913 ) (12288 15232 -15913 ) 
4 34 56 (13312 14336 -15960 ) (13312 14336 -15913 ) (12288 14336 -15913 ) (12288 14336 -15960 ) 
4 34 55 (12288 15232 -15960 ) (12288 14336 -15960 ) (12288 14336 -15913 ) (12288 15232 -15913 ) 
4 34 46 (12416 15232 -15960 ) (12544 15232 -15960 ) (12544 14336 -15960 ) (12416 14336 -15960 ) 
4 34 47 (12288 14336 -15960 ) (12288 15232 -15960 ) (12416 15232 -15960 ) (12416 14336 -15960 ) 
4 34 44 (12544 15232 -15960 ) (13056 15232 -15960 ) (13056 14336 -15960 ) (12544 14336 -15960 ) 
4 34 38 (13056 15232 -15960 ) (13120 15232 -15960 ) (13120 14336 -15960 ) (13056 14336 -15960 ) 
4 34 37 (13120 15232 -15960 ) (13184 15232 -15960 ) (13184 14336 -15960 ) (13120 14336 -15960 ) 
4 34 35 (13184 15232 -15960 ) (13312 15232 -15960 ) (13312 14336 -15960 ) (13184 14336 -15960 ) 
4 35 56 (13312 14336 -16344 ) (13312 14336 -15960 ) (13184 14336 -15960 ) (13184 14336 -16344 ) 
4 35 36 (13184 15360 -16344 ) (13184 15232 -16344 ) (13184 15232 -15964 ) (13184 15360 -15964 ) 
4 35 37 (13184 15232 -16344 ) (13184 14336 -16344 ) (13184 14336 -15960 ) (13184 15232 -15960 ) 
3 36 43 (13120 15299.998047 -15983.994141 ) (13120 15291.112305 -15964 ) (13120 15296 -15964 ) 
3 36 42 (13120 15308 -16002 ) (13120 15270 -15964 ) (13120 15291.112305 -15964 ) 
3 36 41 (13120 15360 -16028 ) (13120 15360 -16032.888672 ) (13120 15339.998047 -16024 ) 
3 36 40 (13120 15360 -16032.888672 ) (13120 15360 -16054 ) (13120 15322 -16016 ) 
5 36 39 (13120 15360 -16054 ) (13120 15360 -16344 ) (13120 15232 -16344 ) (13120 15232 -15964 ) (13120 15270 -15964 ) 
4 36 37 (13120 15232 -15964 ) (13120 15232 -16344 ) (13184 15232 -16344 ) (13184 15232 -15964 ) 
4 37 56 (13184 14336 -15960 ) (13120 14336 -15960 ) (13120 14336 -16344 ) (13184 14336 -16344 ) 
4 37 39 (13120 14336 -16344 ) (13120 14336 -15964 ) (13120 15232 -15964 ) (13120 15232 -16344 ) 
4 37 38 (13120 14336 -15964 ) (13120 14336 -15960 ) (13120 15232 -15960 ) (13120 15232 -15964 ) 
4 38 56 (13120 14336 -15964 ) (13120 14336 -15960 ) (13056 14336 -15960 ) (13056 14336 -15964 ) 
4 38 44 (13056 14336 -15960 ) (13056 15232 -15960 ) (13056 15232 -15964 ) (13056 14336 -15964 ) 
4 38 39 (13056 14336 -15964 ) (13056 15232 -15964 ) (13120 15232 -15964 ) (13120 14336 -15964 ) 
4 39 56 (13120 14336 -16344 ) (13120 14336 -15964 ) (13056 14336 -15964 ) (13056 14336 -16344 ) 
5 39 45 (13056 15360 -16054 ) (13056 15360 -16344 ) (13056 14336 -16344 ) (13056 14336 -15964 ) (13056 15270 -15964 ) 
4 39 42 (13056 15308.006836 -16002.013672 ) (13056 15269.993164 -15964 ) (13120 15269.993164 -15964 ) (13120 15308.006836 -16002.013672 ) 
4 39 40 (13056 15360 -16054.006836 ) (13056 15321.989258 -16015.996094 ) (13120 15321.989258 -16015.996094 ) (13120 15360 -16054.006836 ) 
3 40 45 (13056 15360 -16032.888672 ) (13056 15360 -16054 ) (13056 15322 -16016 ) 
4 40 41 (13056 15360 -16032.886719 ) (13056 15340.006836 -16024 ) (13120 15340.006836 -16024 ) (13120 15360 -16032.886719 ) 
3 41 45 (13056 15360 -16028 ) (13056 15360 -16032.888672 ) (13056 15339.998047 -16024 ) 
3 42 45 (13056 15308 -16002 ) (13056 15270 -15964 ) (13056 15291.112305 -15964 ) 
4 42 43 (13056 15300 -15984.008789 ) (13056 15291.109375 -15964 ) (13120 15291.109375 -15964 ) (13120 15300 -15984.008789 ) 
3 43 45 (13056 15299.998047 -15983.994141 ) (13056 15291.112305 -15964 ) (13056 15296 -15964 ) 
4 44 56 (13056 14336 -15964 ) (13056 14336 -15960 ) (12544 14336 -15960 ) (12544 14336 -15964 ) 
4 44 46 (12544 14336 -15964 ) (12544 14336 -15960 ) (12544 15232 -15960 ) (12544 15232 -15964 ) 
4 44 45 (12544 14336 -15964 ) (12544 15232 -15964 ) (13056 15232 -15964 ) (13056 14336 -15964 ) 
4 45 56 (13056 14336 -16344 ) (13056 14336 -15964 ) (12544 14336 -15964 ) (12544 14336 -16344 ) 
3 45 52 (12544 15291.112305 -15964 ) (12544 15296 -15964 ) (12544 15299.998047 -15983.994141 ) 
3 45 51 (12544 15270 -15964 ) (12544 15291.112305 -15964 ) (12544 15308 -16002 ) 
3 45 50 (12544 15360 -16028 ) (12544 15360 -16032.888672 ) (12544 15339.998047 -16024 ) 
3 45 49 (12544 15360 -16032.888672 ) (12544 15360 -16054 ) (12544 15322 -16016 ) 
5 45 48 (12544 14336 -16344 ) (12544 14336 -15964 ) (12544 15270 -15964 ) (12544 15360 -16054 ) (12544 15360 -16344 ) 
4 46 56 (12544 14336 -15964 ) (12544 14336 -15960 ) (12416 14336 -15960 ) (12416 14336 -15964 ) 
4 46 53 (12480 14336 -15964 ) (12416 14336 -15964 ) (12416 15232 -15964 ) (12480 15232 -15964 ) 
4 46 48 (12544 15232 -15964 ) (12544 14336 -15964 ) (12480 14336 -15964 ) (12480 15232 -15964 ) 
4 46 47 (12416 15232 -15964 ) (12416 14336 -15964 ) (12416 14336 -15960 ) (12416 15232 -15960 ) 
4 47 56 (12416 14336 -15960 ) (12288 14336 -15960 ) (12288 14336 -15964 ) (12416 14336 -15964 ) 
4 47 55 (12288 15232 -15964 ) (12288 14336 -15964 ) (12288 14336 -15960 ) (12288 15232 -15960 ) 
4 47 54 (12288 15360 -15960 ) (12288 15360 -15964 ) (12288 15232 -15964 ) (12288 15232 -15960 ) 
4 47 53 (12288 14336 -15964 ) (12288 15360 -15964 ) (12416 15360 -15964 ) (12416 14336 -15964 ) 
4 48 56 (12544 14336 -16344 ) (12544 14336 -15964 ) (12480 14336 -15964 ) (12480 14336 -16344 ) 
5 48 53 (12480 14336 -16344 ) (12480 14336 -15964 ) (12480 15270 -15964 ) (12480 15360 -16054 ) (12480 15360 -16344 ) 
4 48 51 (12480 15308.006836 -16002.013672 ) (12480 15269.993164 -15964 ) (12544 15269.993164 -15964 ) (12544 15308.006836 -16002.013672 ) 
4 48 49 (12480 15360 -16054.006836 ) (12480 15321.989258 -16015.996094 ) (12544 15321.989258 -16015.996094 ) (12544 15360 -16054.006836 ) 
3 49 53 (12480 15360 -16032.888672 ) (12480 15360 -16054 ) (12480 15322 -16016 ) 
4 49 50 (12480 15360 -16032.886719 ) (12480 15340.006836 -16024 ) (12544 15340.006836 -16024 ) (12544 15360 -16032.886719 ) 
3 50 53 (12480 15360 -16028 ) (12480 15360 -16032.888672 ) (12480 15339.998047 -16024 ) 
3 51 53 (12480 15270 -15964 ) (12480 15291.112305 -15964 ) (12480 15308 -16002 ) 
4 51 52 (12480 15300.001953 -15984.012695 ) (12480 15291.107422 -15964 ) (12544 15291.107422 -15964 ) (12544 15300.001953 -15984.012695 ) 
3 52 53 (12480 15291.112305 -15964 ) (12480 15296 -15964 ) (12480 15299.998047 -15983.994141 ) 
4 53 56 (12480 14336 -16344 ) (12480 14336 -15964 ) (12288 14336 -15964 ) (12288 14336 -16344 ) 
4 53 55 (12288 15232 -16344 ) (12288 14336 -16344 ) (12288 14336 -15964 ) (12288 15232 -15964 ) 
4 53 54 (12288 15360 -15964 ) (12288 15360 -16344 ) (12288 15232 -16344 ) (12288 15232 -15964 ) 
4 54 58 (11264 15360 -15640 ) (11264 15360 -16344 ) (11264 15232 -16344 ) (11264 15232 -15640 ) 
4 54 55 (12288 15232 -16344 ) (12288 15232 -15640 ) (11264 15232 -15640 ) (11264 15232 -16344 ) 
4 55 62 (11264 14336 -16344 ) (11264 14336 -16136 ) (11264 14576 -16136 ) (11264 14576 -16344 ) 
4 55 60 (11264 14576 -16136 ) (11264 15232 -16136 ) (11264 15232 -16344 ) (11264 14576 -16344 ) 
4 55 59 (11264 14336 -16136 ) (11264 14336 -15576 ) (11264 15232 -15576 ) (11264 15232 -16136 ) 
4 55 57 (12288 14336 -16344 ) (12288 14336 -15576 ) (11264 14336 -15576 ) (11264 14336 -16344 ) 
4 56 101 (13312 13312 -16344 ) (13312 13312 -15640 ) (12288 13312 -15640 ) (12288 13312 -16344 ) 
4 56 57 (12288 14336 -15576 ) (12288 14336 -16344 ) (12288 13312 -16344 ) (12288 13312 -15576 ) 
4 57 103 (12288 13312 -16344 ) (12288 13312 -15640 ) (11264 13312 -15640 ) (11264 13312 -16344 ) 
4 57 77 (11264 13312 -16344 ) (11264 13312 -16136 ) (11264 13968 -16136 ) (11264 13968 -16344 ) 
4 57 75 (11264 13968 -16136 ) (11264 14336 -16136 ) (11264 14336 -16344 ) (11264 13968 -16344 ) 
4 57 74 (11264 13312 -16136 ) (11264 13312 -15576 ) (11264 14336 -15576 ) (11264 14336 -16136 ) 
4 58 60 (10304 15232 -16344 ) (11264 15232 -16344 ) (11264 15232 -16136 ) (10304 15232 -16136 ) 
7 58 59 (11264 15232 -16136 ) (11264 15232 -15640 ) (10624.001953 15232 -15640 ) (10456 15232 -15696 ) (10360 15232 -15792 ) (10304 15232 -15960 ) (10304 15232 -16136 ) 
7 59 74 (11264 14336 -16136 ) (11264 14336 -15576 ) (10624.001953 14336 -15576 ) (10431.998047 14336 -15640 ) (10304 14336 -15767.998047 ) (10240 14336 -15960 ) (10240 14336 -16136 ) 
4 59 62 (10256 14576 -16136 ) (11264 14576 -16136 ) (11264 14336 -16136 ) (10256 14336 -16136 ) 
4 59 61 (10240 14592 -16136 ) (10240 15232 -16136 ) (10256 15232 -16136 ) (10256 14592 -16136 ) 
4 59 60 (10256 15232 -16136 ) (11264 15232 -16136 ) (11264 14576 -16136 ) (10256 14576 -16136 ) 
4 60 62 (10256 14576 -16344 ) (11264 14576 -16344 ) (11264 14576 -16136 ) (10256 14576 -16136 ) 
4 60 61 (10256 14592 -16136 ) (10256 15232 -16136 ) (10256 15232 -16344 ) (10256 14592 -16344 ) 
4 62 75 (11264 14336 -16344 ) (11264 14336 -16136 ) (10256 14336 -16136 ) (10256 14336 -16344 ) 
4 62 63 (10256 14576 -16152 ) (10256 14576 -16344 ) (10256 14336 -16344 ) (10256 14336 -16152 ) 
4 63 76 (10240 14336 -16152 ) (10240 14336 -16344 ) (10256 14336 -16344 ) (10256 14336 -16152 ) 
4 63 64 (10240 14576 -16344 ) (10240 14336 -16344 ) (10240 14336 -16152 ) (10240 14576 -16152 ) 
4 64 82 (10240 14336 -16344 ) (10240 14336 -16152 ) (10226 14336 -16152 ) (10226 14336 -16344 ) 
4 64 65 (10226 14576 -16152 ) (10226 14576 -16344 ) (10226 14336 -16344 ) (10226 14336 -16152 ) 
4 65 83 (10222 14336 -16148 ) (10222 14336 -16344 ) (10226 14336 -16344 ) (10226 14336 -16148 ) 
4 65 66 (10222 14576 -16344 ) (10222 14336 -16344 ) (10222 14336 -16152 ) (10222 14576 -16152 ) 
4 66 84 (10208 14336 -16152 ) (10208 14336 -16344 ) (10222 14336 -16344 ) (10222 14336 -16152 ) 
4 66 72 (10208 14576 -16344 ) (10208 14336 -16344 ) (10208 14336 -16152 ) (10208 14576 -16152 ) 
4 67 175 (9216 14784 -15960 ) (9216 14848 -15960 ) (9216 14848 -16344 ) (9216 14784 -16344 ) 
4 67 71 (9216 14784 -16344 ) (10080 14784 -16344 ) (10080 14784 -16136 ) (9216 14784 -16136 ) 
4 67 69 (10080 14784 -16136 ) (10080 14784 -15960 ) (9216 14784 -15960 ) (9216 14784 -16136 ) 
4 68 79 (10080 14336 -16024 ) (10080 14336 -16136 ) (10208 14336 -16136 ) (10208 14336 -16024 ) 
4 68 73 (10192 14336 -16136 ) (10080 14336 -16136 ) (10080 14576 -16136 ) (10192 14576 -16136 ) 
4 68 70 (10192 14784 -16136 ) (10208 14784 -16136 ) (10208 14592 -16136 ) (10192 14592 -16136 ) 
4 68 71 (10080 14784 -16136 ) (10192 14784 -16136 ) (10192 14576 -16136 ) (10080 14576 -16136 ) 
4 68 69 (10080 14784 -16024 ) (10080 14784 -16136 ) (10080 14336 -16136 ) (10080 14336 -16024 ) 
4 69 176 (9216 14336 -16136 ) (9216 14336 -15960 ) (9216 14784 -15960 ) (9216 14784 -16136 ) 
4 69 80 (10080 14336 -15960 ) (9216 14336 -15960 ) (9216 14336 -16136 ) (10080 14336 -16136 ) 
4 69 73 (9216 14336 -16136 ) (9216 14576 -16136 ) (10080 14576 -16136 ) (10080 14336 -16136 ) 
4 69 71 (9216 14576 -16136 ) (9216 14784 -16136 ) (10080 14784 -16136 ) (10080 14576 -16136 ) 
4 70 71 (10192 14592 -16136 ) (10192 14784 -16136 ) (10192 14784 -16344 ) (10192 14592 -16344 ) 
4 71 176 (9216 14576 -16136 ) (9216 14784 -16136 ) (9216 14784 -16344 ) (9216 14576 -16344 ) 
4 71 73 (9216 14576 -16344 ) (10192 14576 -16344 ) (10192 14576 -16136 ) (9216 14576 -16136 ) 
4 72 84 (10192 14336 -16344 ) (10208 14336 -16344 ) (10208 14336 -16152 ) (10192 14336 -16152 ) 
4 72 73 (10192 14576 -16152 ) (10192 14576 -16344 ) (10192 14336 -16344 ) (10192 14336 -16152 ) 
4 73 176 (9216 14336 -16344 ) (9216 14336 -16136 ) (9216 14576 -16136 ) (9216 14576 -16344 ) 
4 73 85 (9216 14336 -16136 ) (9216 14336 -16344 ) (10192 14336 -16344 ) (10192 14336 -16136 ) 
7 74 107 (11264 13312 -16136 ) (11264 13312 -15640 ) (10624 13312 -15640 ) (10455.997070 13312 -15696.001953 ) (10360 13312 -15791.998047 ) (10304 13312 -15960 ) (10304 13312 -16136 ) 
4 74 78 (10256 13312 -16136 ) (10240 13312 -16136 ) (10240 13952 -16136 ) (10256 13952 -16136 ) 
4 74 77 (11264 13968 -16136 ) (11264 13312 -16136 ) (10256 13312 -16136 ) (10256 13968 -16136 ) 
4 74 75 (10256 14336 -16136 ) (11264 14336 -16136 ) (11264 13968 -16136 ) (10256 13968 -16136 ) 
4 75 77 (10256 13968 -16344 ) (11264 13968 -16344 ) (11264 13968 -16136 ) (10256 13968 -16136 ) 
4 75 76 (10256 14336 -16344 ) (10256 13968 -16344 ) (10256 13968 -16152 ) (10256 14336 -16152 ) 
4 76 82 (10240 14336 -16152 ) (10240 14336 -16344 ) (10240 13968 -16344 ) (10240 13968 -16152 ) 
4 77 107 (11264 13312 -16344 ) (11264 13312 -16136 ) (10304 13312 -16136 ) (10304 13312 -16344 ) 
4 77 78 (10256 13952 -16344 ) (10256 13312 -16344 ) (10256 13312 -16136 ) (10256 13952 -16136 ) 
4 79 87 (10208 13952 -16136 ) (10208 13760 -16136 ) (10080 13760 -16136 ) (10080 13952 -16136 ) 
4 79 86 (10192 13952 -16136 ) (10080 13952 -16136 ) (10080 13968 -16136 ) (10192 13968 -16136 ) 
4 79 85 (10080 14336 -16136 ) (10192 14336 -16136 ) (10192 13968 -16136 ) (10080 13968 -16136 ) 
4 79 80 (10080 14336 -16136 ) (10080 13760 -16136 ) (10080 13760 -16024 ) (10080 14336 -16024 ) 
4 80 178 (9216 13760 -15960 ) (9216 14336 -15960 ) (9216 14336 -16136 ) (9216 13760 -16136 ) 
4 80 88 (9216 13760 -16136 ) (9216 13952 -16136 ) (10080 13952 -16136 ) (10080 13760 -16136 ) 
4 80 86 (9216 13952 -16136 ) (9216 13968 -16136 ) (10080 13968 -16136 ) (10080 13952 -16136 ) 
4 80 85 (9216 13968 -16136 ) (9216 14336 -16136 ) (10080 14336 -16136 ) (10080 13968 -16136 ) 
4 80 81 (9216 13760 -16136 ) (10080 13760 -16136 ) (10080 13760 -15960 ) (9216 13760 -15960 ) 
4 81 180 (9216 13696 -15960 ) (9216 13760 -15960 ) (9216 13760 -16136 ) (9216 13696 -16136 ) 
4 81 88 (9216 13696 -16136 ) (9216 13760 -16136 ) (10080 13760 -16136 ) (10080 13696 -16136 ) 
4 82 83 (10226 14336 -16344 ) (10226 13968 -16344 ) (10226 13968 -16152 ) (10226 14336 -16152 ) 
4 83 84 (10222 14336 -16344 ) (10222 13968 -16344 ) (10222 13968 -16152 ) (10222 14336 -16152 ) 
4 84 85 (10192 14336 -16344 ) (10192 13968 -16344 ) (10192 13968 -16152 ) (10192 14336 -16152 ) 
4 85 178 (9216 13968 -16136 ) (9216 14336 -16136 ) (9216 14336 -16344 ) (9216 13968 -16344 ) 
4 85 86 (9216 13968 -16344 ) (10192 13968 -16344 ) (10192 13968 -16136 ) (9216 13968 -16136 ) 
4 86 178 (9216 13952 -16136 ) (9216 13968 -16136 ) (9216 13968 -16344 ) (9216 13952 -16344 ) 
4 86 87 (10080 13952 -16344 ) (10192 13952 -16344 ) (10192 13952 -16136 ) (10080 13952 -16136 ) 
4 86 88 (9216 13952 -16344 ) (10080 13952 -16344 ) (10080 13952 -16136 ) (9216 13952 -16136 ) 
4 87 88 (10080 13952 -16136 ) (10080 13952 -16344 ) (10080 13760 -16344 ) (10080 13760 -16136 ) 
4 88 180 (9216 13696 -16136 ) (9216 13760 -16136 ) (9216 13760 -16344 ) (9216 13696 -16344 ) 
4 88 178 (9216 13760 -16136 ) (9216 13952 -16136 ) (9216 13952 -16344 ) (9216 13760 -16344 ) 
4 89 91 (14336 13312 -15640 ) (14336 13312 -16344 ) (14336 13184 -16344 ) (14336 13184 -15640 ) 
7 89 90 (14336 13184 -16344 ) (15296 13184 -16344 ) (15296 13184 -15960 ) (15240 13184 -15792 ) (15144.001953 13184 -15696 ) (14976.001953 13184 -15640 ) (14336 13184 -15640 ) 
7 90 93 (15360 12288 -16344 ) (15360 12288 -15960 ) (15296 12288 -15767.998047 ) (15168.003906 12288 -15640.001953 ) (14975.998047 12288 -15576 ) (14336 12288 -15576 ) (14336 12288 -16344 ) 
4 90 92 (14336 13184 -16344 ) (14336 12288 -16344 ) (14336 12288 -15576 ) (14336 13184 -15576 ) 
4 91 101 (13312 13312 -15640 ) (13312 13312 -16344 ) (13312 13184 -16344 ) (13312 13184 -15640 ) 
4 91 92 (14336 13184 -16344 ) (14336 13184 -15640 ) (13312 13184 -15640 ) (13312 13184 -16344 ) 
4 92 102 (13312 12288 -16344 ) (13312 12288 -15576 ) (13312 13184 -15576 ) (13312 13184 -16344 ) 
4 92 94 (14336 12288 -16344 ) (14336 12288 -15576 ) (13312 12288 -15576 ) (13312 12288 -16344 ) 
7 93 95 (14976 11264 -15640 ) (14336 11264 -15640 ) (14336 11264 -16344 ) (15296 11264 -16344 ) (15296 11264 -15960 ) (15240 11264 -15792 ) (15144 11264 -15696 ) 
4 93 94 (14336 12288 -15576 ) (14336 12288 -16344 ) (14336 11264 -16344 ) (14336 11264 -15576 ) 
4 94 105 (13312 11264 -16344 ) (13312 11264 -15576 ) (13312 12288 -15576 ) (13312 12288 -16344 ) 
4 94 97 (14336 11264 -16344 ) (14336 11264 -15640 ) (13312 11264 -15640 ) (13312 11264 -16344 ) 
4 95 97 (14336 11264 -15640 ) (14336 11264 -16344 ) (14336 11136 -16344 ) (14336 11136 -15640 ) 
7 95 96 (14336 11136 -16344 ) (15296 11136 -16344 ) (15296 11136 -15960 ) (15240 11136 -15791.998047 ) (15144 11136 -15696 ) (14976 11136 -15640 ) (14336 11136 -15640 ) 
7 96 99 (15360 10240 -16344 ) (15360 10240 -15960 ) (15296 10240 -15767.998047 ) (15168.003906 10240 -15640.001953 ) (14975.998047 10240 -15576 ) (14336 10240 -15576 ) (14336 10240 -16344 ) 
4 96 98 (14336 11136 -16344 ) (14336 10240 -16344 ) (14336 10240 -15576 ) (14336 11136 -15576 ) 
4 97 138 (13312 11136 -16344 ) (13312 11136 -15640 ) (13312 11264 -15640 ) (13312 11264 -16344 ) 
4 97 98 (13312 11136 -15640 ) (13312 11136 -16344 ) (14336 11136 -16344 ) (14336 11136 -15640 ) 
4 98 139 (13312 10240 -16344 ) (13312 10240 -15576 ) (13312 11136 -15576 ) (13312 11136 -16344 ) 
4 98 100 (14336 10240 -16344 ) (14336 10240 -15576 ) (13312 10240 -15576 ) (13312 10240 -16344 ) 
7 99 193 (15144.001953 9216 -15696 ) (14976 9216 -15640 ) (14336 9216 -15640 ) (14336 9216 -16344 ) (15296 9216 -16344 ) (15296 9216 -15960 ) (15240 9216 -15792 ) 
4 99 100 (14336 10240 -15576 ) (14336 10240 -16344 ) (14336 9216 -16344 ) (14336 9216 -15576 ) 
4 100 195 (14336 9216 -16344 ) (14336 9216 -15640 ) (13312 9216 -15640 ) (13312 9216 -16344 ) 
4 100 142 (13312 9216 -16344 ) (13312 9216 -15576 ) (13312 10240 -15576 ) (13312 10240 -16344 ) 
4 101 103 (12288 13312 -15640 ) (12288 13312 -16344 ) (12288 13184 -16344 ) (12288 13184 -15640 ) 
4 101 102 (12288 13184 -15640 ) (12288 13184 -16344 ) (13312 13184 -16344 ) (13312 13184 -15640 ) 
4 102 105 (13312 12288 -16344 ) (13312 12288 -15576 ) (12288 12288 -15576 ) (12288 12288 -16344 ) 
4 102 104 (12288 12288 -16344 ) (12288 12288 -15576 ) (12288 13184 -15576 ) (12288 13184 -16344 ) 
4 103 107 (11264 13312 -15640 ) (11264 13312 -16344 ) (11264 13184 -16344 ) (11264 13184 -15640 ) 
4 103 104 (11264 13184 -16344 ) (12288 13184 -16344 ) (12288 13184 -15640 ) (11264 13184 -15640 ) 
4 104 111 (11264 12528 -16344 ) (11264 12288 -16344 ) (11264 12288 -16136 ) (11264 12528 -16136 ) 
4 104 109 (11264 13184 -16344 ) (11264 12528 -16344 ) (11264 12528 -16136 ) (11264 13184 -16136 ) 
4 104 108 (11264 12288 -16136 ) (11264 12288 -15576 ) (11264 13184 -15576 ) (11264 13184 -16136 ) 
4 104 106 (12288 12288 -16344 ) (12288 12288 -15576 ) (11264 12288 -15576 ) (11264 12288 -16344 ) 
4 105 138 (13312 11264 -16344 ) (13312 11264 -15640 ) (12288 11264 -15640 ) (12288 11264 -16344 ) 
4 105 106 (12288 12288 -15576 ) (12288 12288 -16344 ) (12288 11264 -16344 ) (12288 11264 -15576 ) 
4 106 140 (12288 11264 -16344 ) (12288 11264 -15640 ) (11264 11264 -15640 ) (11264 11264 -16344 ) 
4 106 126 (11264 11264 -16344 ) (11264 11264 -16136 ) (11264 11920 -16136 ) (11264 11920 -16344 ) 
4 106 124 (11264 11920 -16136 ) (11264 12288 -16136 ) (11264 12288 -16344 ) (11264 11920 -16344 ) 
4 106 123 (11264 11264 -16136 ) (11264 11264 -15576 ) (11264 12288 -15576 ) (11264 12288 -16136 ) 
4 107 109 (10304 13184 -16344 ) (11264 13184 -16344 ) (11264 13184 -16136 ) (10304 13184 -16136 ) 
7 107 108 (11264 13184 -16136 ) (11264 13184 -15640 ) (10624.001953 13184 -15640 ) (10456 13184 -15696 ) (10360 13184 -15792 ) (10304 13184 -15960 ) (10304 13184 -16136 ) 
7 108 123 (11264 12288 -16136 ) (11264 12288 -15576 ) (10624.002930 12288 -15576 ) (10431.998047 12288 -15640.001953 ) (10304 12288 -15768 ) (10240 12288 -15960 ) (10240 12288 -16136 ) 
4 108 111 (11264 12288 -16136 ) (10256 12288 -16136 ) (10256 12528 -16136 ) (11264 12528 -16136 ) 
4 108 110 (10240 12544 -16136 ) (10240 13184 -16136 ) (10256 13184 -16136 ) (10256 12544 -16136 ) 
4 108 109 (10256 13184 -16136 ) (11264 13184 -16136 ) (11264 12528 -16136 ) (10256 12528 -16136 ) 
4 109 111 (10256 12528 -16344 ) (11264 12528 -16344 ) (11264 12528 -16136 ) (10256 12528 -16136 ) 
4 109 110 (10256 12544 -16136 ) (10256 13184 -16136 ) (10256 13184 -16344 ) (10256 12544 -16344 ) 
4 111 124 (11264 12288 -16344 ) (11264 12288 -16136 ) (10256 12288 -16136 ) (10256 12288 -16344 ) 
4 111 112 (10256 12528 -16152 ) (10256 12528 -16344 ) (10256 12288 -16344 ) (10256 12288 -16152 ) 
4 112 125 (10240 12288 -16152 ) (10240 12288 -16344 ) (10256 12288 -16344 ) (10256 12288 -16152 ) 
4 112 119 (10240 12528 -16344 ) (10240 12288 -16344 ) (10240 12288 -16152 ) (10240 12528 -16152 ) 
4 113 181 (9216 12736 -15960 ) (9216 12800 -15960 ) (9216 12800 -16344 ) (9216 12736 -16344 ) 
4 113 115 (9216 12736 -16344 ) (10080 12736 -16344 ) (10080 12736 -15960 ) (9216 12736 -15960 ) 
4 114 118 (10080 12544 -16344 ) (10192 12544 -16344 ) (10192 12544 -16136 ) (10080 12544 -16136 ) 
4 114 116 (10208 12544 -16136 ) (10208 12544 -16024 ) (10080 12544 -16024 ) (10080 12544 -16136 ) 
4 114 115 (10080 12736 -16024 ) (10080 12736 -16344 ) (10080 12544 -16344 ) (10080 12544 -16024 ) 
4 115 182 (9216 12544 -15960 ) (9216 12736 -15960 ) (9216 12736 -16344 ) (9216 12544 -16344 ) 
4 115 118 (9216 12544 -16344 ) (10080 12544 -16344 ) (10080 12544 -16136 ) (9216 12544 -16136 ) 
4 115 117 (10080 12544 -16136 ) (10080 12544 -15960 ) (9216 12544 -15960 ) (9216 12544 -16136 ) 
4 116 128 (10080 12288 -16024 ) (10080 12288 -16136 ) (10208 12288 -16136 ) (10208 12288 -16024 ) 
4 116 122 (10192 12288 -16136 ) (10080 12288 -16136 ) (10080 12528 -16136 ) (10192 12528 -16136 ) 
4 116 118 (10080 12528 -16136 ) (10080 12544 -16136 ) (10192 12544 -16136 ) (10192 12528 -16136 ) 
4 116 117 (10080 12544 -16024 ) (10080 12544 -16136 ) (10080 12288 -16136 ) (10080 12288 -16024 ) 
4 117 182 (9216 12288 -16136 ) (9216 12288 -15960 ) (9216 12544 -15960 ) (9216 12544 -16136 ) 
4 117 129 (10080 12288 -15960 ) (9216 12288 -15960 ) (9216 12288 -16136 ) (10080 12288 -16136 ) 
4 117 122 (10080 12288 -16136 ) (9216 12288 -16136 ) (9216 12528 -16136 ) (10080 12528 -16136 ) 
4 117 118 (9216 12528 -16136 ) (9216 12544 -16136 ) (10080 12544 -16136 ) (10080 12528 -16136 ) 
4 118 182 (9216 12528 -16136 ) (9216 12544 -16136 ) (9216 12544 -16344 ) (9216 12528 -16344 ) 
4 118 122 (9216 12528 -16344 ) (10192 12528 -16344 ) (10192 12528 -16136 ) (9216 12528 -16136 ) 
4 119 131 (10240 12288 -16344 ) (10240 12288 -16152 ) (10226 12288 -16152 ) (10226 12288 -16344 ) 
4 119 120 (10226 12528 -16152 ) (10226 12528 -16344 ) (10226 12288 -16344 ) (10226 12288 -16152 ) 
4 120 132 (10222 12288 -16148 ) (10222 12288 -16344 ) (10226 12288 -16344 ) (10226 12288 -16148 ) 
4 120 121 (10222 12528 -16152 ) (10222 12528 -16344 ) (10222 12288 -16344 ) (10222 12288 -16152 ) 
4 121 133 (10192 12288 -16152 ) (10192 12288 -16344 ) (10222 12288 -16344 ) (10222 12288 -16152 ) 
4 121 122 (10192 12528 -16152 ) (10192 12528 -16344 ) (10192 12288 -16344 ) (10192 12288 -16152 ) 
4 122 182 (9216 12288 -16344 ) (9216 12288 -16136 ) (9216 12528 -16136 ) (9216 12528 -16344 ) 
4 122 134 (10192 12288 -16136 ) (9216 12288 -16136 ) (9216 12288 -16344 ) (10192 12288 -16344 ) 
7 123 144 (11264 11264 -16136 ) (11264 11264 -15640 ) (10624 11264 -15640 ) (10455.997070 11264 -15696 ) (10360 11264 -15791.997070 ) (10304 11264 -15960 ) (10304 11264 -16136 ) 
4 123 127 (10256 11264 -16136 ) (10240 11264 -16136 ) (10240 11904 -16136 ) (10256 11904 -16136 ) 
4 123 126 (11264 11264 -16136 ) (10256 11264 -16136 ) (10256 11920 -16136 ) (11264 11920 -16136 ) 
4 123 124 (10256 12288 -16136 ) (11264 12288 -16136 ) (11264 11920 -16136 ) (10256 11920 -16136 ) 
4 124 126 (10256 11920 -16344 ) (11264 11920 -16344 ) (11264 11920 -16136 ) (10256 11920 -16136 ) 
4 124 125 (10256 12288 -16344 ) (10256 11920 -16344 ) (10256 11920 -16152 ) (10256 12288 -16152 ) 
4 125 131 (10240 12288 -16152 ) (10240 12288 -16344 ) (10240 11920 -16344 ) (10240 11920 -16152 ) 
4 126 144 (11264 11264 -16344 ) (11264 11264 -16136 ) (10304 11264 -16136 ) (10304 11264 -16344 ) 
4 126 127 (10256 11904 -16344 ) (10256 11264 -16344 ) (10256 11264 -16136 ) (10256 11904 -16136 ) 
4 128 136 (10208 11904 -16136 ) (10208 11712 -16136 ) (10080 11712 -16136 ) (10080 11904 -16136 ) 
4 128 135 (10192 11904 -16136 ) (10080 11904 -16136 ) (10080 11920 -16136 ) (10192 11920 -16136 ) 
4 128 134 (10080 12288 -16136 ) (10192 12288 -16136 ) (10192 11920 -16136 ) (10080 11920 -16136 ) 
4 128 129 (10080 12288 -16136 ) (10080 11712 -16136 ) (10080 11712 -16024 ) (10080 12288 -16024 ) 
4 129 184 (9216 11712 -15960 ) (9216 12288 -15960 ) (9216 12288 -16136 ) (9216 11712 -16136 ) 
4 129 137 (9216 11712 -16136 ) (9216 11904 -16136 ) (10080 11904 -16136 ) (10080 11712 -16136 ) 
4 129 135 (9216 11904 -16136 ) (9216 11920 -16136 ) (10080 11920 -16136 ) (10080 11904 -16136 ) 
4 129 134 (9216 11920 -16136 ) (9216 12288 -16136 ) (10080 12288 -16136 ) (10080 11920 -16136 ) 
4 129 130 (9216 11712 -16136 ) (10080 11712 -16136 ) (10080 11712 -15960 ) (9216 11712 -15960 ) 
4 130 186 (9216 11648 -15960 ) (9216 11712 -15960 ) (9216 11712 -16136 ) (9216 11648 -16136 ) 
4 130 137 (9216 11648 -16136 ) (9216 11712 -16136 ) (10080 11712 -16136 ) (10080 11648 -16136 ) 
4 131 132 (10226 12288 -16344 ) (10226 11920 -16344 ) (10226 11920 -16152 ) (10226 12288 -16152 ) 
4 132 133 (10222 12288 -16344 ) (10222 11920 -16344 ) (10222 11920 -16152 ) (10222 12288 -16152 ) 
4 133 134 (10192 12288 -16344 ) (10192 11920 -16344 ) (10192 11920 -16152 ) (10192 12288 -16152 ) 
4 134 184 (9216 11920 -16136 ) (9216 12288 -16136 ) (9216 12288 -16344 ) (9216 11920 -16344 ) 
4 134 135 (9216 11920 -16344 ) (10192 11920 -16344 ) (10192 11920 -16136 ) (9216 11920 -16136 ) 
4 135 184 (9216 11904 -16136 ) (9216 11920 -16136 ) (9216 11920 -16344 ) (9216 11904 -16344 ) 
4 135 136 (10080 11904 -16344 ) (10192 11904 -16344 ) (10192 11904 -16136 ) (10080 11904 -16136 ) 
4 135 137 (9216 11904 -16344 ) (10080 11904 -16344 ) (10080 11904 -16136 ) (9216 11904 -16136 ) 
4 136 137 (10080 11904 -16136 ) (10080 11904 -16344 ) (10080 11712 -16344 ) (10080 11712 -16136 ) 
4 137 186 (9216 11648 -16136 ) (9216 11712 -16136 ) (9216 11712 -16344 ) (9216 11648 -16344 ) 
4 137 184 (9216 11712 -16136 ) (9216 11904 -16136 ) (9216 11904 -16344 ) (9216 11712 -16344 ) 
4 138 140 (12288 11264 -15640 ) (12288 11264 -16344 ) (12288 11136 -16344 ) (12288 11136 -15640 ) 
4 138 139 (12288 11136 -15640 ) (12288 11136 -16344 ) (13312 11136 -16344 ) (13312 11136 -15640 ) 
4 139 142 (13312 10240 -16344 ) (13312 10240 -15576 ) (12288 10240 -15576 ) (12288 10240 -16344 ) 
4 139 141 (12288 10240 -16344 ) (12288 10240 -15576 ) (12288 11136 -15576 ) (12288 11136 -16344 ) 
4 140 144 (11264 11264 -15640 ) (11264 11264 -16344 ) (11264 11136 -16344 ) (11264 11136 -15640 ) 
4 140 141 (12288 11136 -16344 ) (12288 11136 -15640 ) (11264 11136 -15640 ) (11264 11136 -16344 ) 
4 141 148 (11264 10240 -16344 ) (11264 10240 -16136 ) (11264 10480 -16136 ) (11264 10480 -16344 ) 
4 141 146 (11264 10480 -16136 ) (11264 11136 -16136 ) (11264 11136 -16344 ) (11264 10480 -16344 ) 
4 141 145 (11264 10240 -16136 ) (11264 10240 -15576 ) (11264 11136 -15576 ) (11264 11136 -16136 ) 
4 141 143 (12288 10240 -16344 ) (12288 10240 -15576 ) (11264 10240 -15576 ) (11264 10240 -16344 ) 
4 142 206 (13312 9216 -16344 ) (13312 9216 -15640 ) (12288 9216 -15640 ) (12288 9216 -16344 ) 
4 142 143 (12288 10240 -15576 ) (12288 10240 -16344 ) (12288 9216 -16344 ) (12288 9216 -15576 ) 
4 143 208 (12288 9216 -16344 ) (12288 9216 -15640 ) (11264 9216 -15640 ) (11264 9216 -16344 ) 
4 143 163 (11264 9216 -16344 ) (11264 9216 -16136 ) (11264 9872 -16136 ) (11264 9872 -16344 ) 
4 143 161 (11264 9872 -16136 ) (11264 10240 -16136 ) (11264 10240 -16344 ) (11264 9872 -16344 ) 
4 143 160 (11264 9216 -16136 ) (11264 9216 -15576 ) (11264 10240 -15576 ) (11264 10240 -16136 ) 
4 144 146 (10304 11136 -16344 ) (11264 11136 -16344 ) (11264 11136 -16136 ) (10304 11136 -16136 ) 
7 144 145 (11264 11136 -16136 ) (11264 11136 -15640 ) (10624.001953 11136 -15640 ) (10456 11136 -15696 ) (10360 11136 -15792 ) (10304 11136 -15960 ) (10304 11136 -16136 ) 
7 145 160 (11264 10240 -16136 ) (11264 10240 -15576 ) (10624.002930 10240 -15576 ) (10431.998047 10240 -15640.001953 ) (10304 10240 -15768 ) (10240 10240 -15960 ) (10240 10240 -16136 ) 
4 145 148 (11264 10240 -16136 ) (10256 10240 -16136 ) (10256 10480 -16136 ) (11264 10480 -16136 ) 
4 145 147 (10240 10496 -16136 ) (10240 11136 -16136 ) (10256 11136 -16136 ) (10256 10496 -16136 ) 
4 145 146 (10256 11136 -16136 ) (11264 11136 -16136 ) (11264 10480 -16136 ) (10256 10480 -16136 ) 
4 146 148 (10256 10480 -16344 ) (11264 10480 -16344 ) (11264 10480 -16136 ) (10256 10480 -16136 ) 
4 146 147 (10256 10496 -16136 ) (10256 11136 -16136 ) (10256 11136 -16344 ) (10256 10496 -16344 ) 
4 148 161 (11264 10240 -16344 ) (11264 10240 -16136 ) (10256 10240 -16136 ) (10256 10240 -16344 ) 
4 148 149 (10256 10480 -16152 ) (10256 10480 -16344 ) (10256 10240 -16344 ) (10256 10240 -16152 ) 
4 149 162 (10240 10240 -16152 ) (10240 10240 -16344 ) (10256 10240 -16344 ) (10256 10240 -16152 ) 
4 149 156 (10240 10480 -16344 ) (10240 10240 -16344 ) (10240 10240 -16152 ) (10240 10480 -16152 ) 
4 150 187 (9216 10688 -15960 ) (9216 10752 -15960 ) (9216 10752 -16344 ) (9216 10688 -16344 ) 
4 150 152 (9216 10688 -16344 ) (10080 10688 -16344 ) (10080 10688 -15960 ) (9216 10688 -15960 ) 
4 151 155 (10080 10496 -16344 ) (10192 10496 -16344 ) (10192 10496 -16136 ) (10080 10496 -16136 ) 
4 151 153 (10208 10496 -16136 ) (10208 10496 -16024 ) (10080 10496 -16024 ) (10080 10496 -16136 ) 
4 151 152 (10080 10688 -16024 ) (10080 10688 -16344 ) (10080 10496 -16344 ) (10080 10496 -16024 ) 
4 152 188 (9216 10496 -15960 ) (9216 10688 -15960 ) (9216 10688 -16344 ) (9216 10496 -16344 ) 
4 152 155 (9216 10496 -16344 ) (10080 10496 -16344 ) (10080 10496 -16136 ) (9216 10496 -16136 ) 
4 152 154 (10080 10496 -16136 ) (10080 10496 -15960 ) (9216 10496 -15960 ) (9216 10496 -16136 ) 
4 153 165 (10080 10240 -16024 ) (10080 10240 -16136 ) (10208 10240 -16136 ) (10208 10240 -16024 ) 
4 153 159 (10192 10240 -16136 ) (10080 10240 -16136 ) (10080 10480 -16136 ) (10192 10480 -16136 ) 
4 153 155 (10080 10480 -16136 ) (10080 10496 -16136 ) (10192 10496 -16136 ) (10192 10480 -16136 ) 
4 153 154 (10080 10496 -16024 ) (10080 10496 -16136 ) (10080 10240 -16136 ) (10080 10240 -16024 ) 
4 154 188 (9216 10240 -16136 ) (9216 10240 -15960 ) (9216 10496 -15960 ) (9216 10496 -16136 ) 
4 154 166 (10080 10240 -15960 ) (9216 10240 -15960 ) (9216 10240 -16136 ) (10080 10240 -16136 ) 
4 154 159 (10080 10240 -16136 ) (9216 10240 -16136 ) (9216 10480 -16136 ) (10080 10480 -16136 ) 
4 154 155 (9216 10480 -16136 ) (9216 10496 -16136 ) (10080 10496 -16136 ) (10080 10480 -16136 ) 
4 155 188 (9216 10480 -16136 ) (9216 10496 -16136 ) (9216 10496 -16344 ) (9216 10480 -16344 ) 
4 155 159 (9216 10480 -16344 ) (10192 10480 -16344 ) (10192 10480 -16136 ) (9216 10480 -16136 ) 
4 156 168 (10240 10240 -16344 ) (10240 10240 -16152 ) (10226 10240 -16152 ) (10226 10240 -16344 ) 
4 156 157 (10226 10480 -16152 ) (10226 10480 -16344 ) (10226 10240 -16344 ) (10226 10240 -16152 ) 
4 157 169 (10222 10240 -16148 ) (10222 10240 -16344 ) (10226 10240 -16344 ) (10226 10240 -16148 ) 
4 157 158 (10222 10480 -16152 ) (10222 10480 -16344 ) (10222 10240 -16344 ) (10222 10240 -16152 ) 
4 158 170 (10192 10240 -16152 ) (10192 10240 -16344 ) (10222 10240 -16344 ) (10222 10240 -16152 ) 
4 158 159 (10192 10480 -16152 ) (10192 10480 -16344 ) (10192 10240 -16344 ) (10192 10240 -16152 ) 
4 159 188 (9216 10240 -16344 ) (9216 10240 -16136 ) (9216 10480 -16136 ) (9216 10480 -16344 ) 
4 159 171 (10192 10240 -16136 ) (9216 10240 -16136 ) (9216 10240 -16344 ) (10192 10240 -16344 ) 
7 160 212 (11264 9216 -16136 ) (11264 9216 -15640 ) (10624 9216 -15640 ) (10455.997070 9216 -15696.001953 ) (10360 9216 -15791.998047 ) (10304 9216 -15960 ) (10304 9216 -16136 ) 
4 160 164 (10256 9216 -16136 ) (10240 9216 -16136 ) (10240 9856 -16136 ) (10256 9856 -16136 ) 
4 160 163 (11264 9872 -16136 ) (11264 9216 -16136 ) (10256 9216 -16136 ) (10256 9872 -16136 ) 
4 160 161 (10256 10240 -16136 ) (11264 10240 -16136 ) (11264 9872 -16136 ) (10256 9872 -16136 ) 
4 161 163 (10256 9872 -16344 ) (11264 9872 -16344 ) (11264 9872 -16136 ) (10256 9872 -16136 ) 
4 161 162 (10256 10240 -16344 ) (10256 9872 -16344 ) (10256 9872 -16152 ) (10256 10240 -16152 ) 
4 162 168 (10240 10240 -16152 ) (10240 10240 -16344 ) (10240 9872 -16344 ) (10240 9872 -16152 ) 
4 163 212 (11264 9216 -16344 ) (11264 9216 -16136 ) (10304 9216 -16136 ) (10304 9216 -16344 ) 
4 163 164 (10256 9856 -16344 ) (10256 9216 -16344 ) (10256 9216 -16136 ) (10256 9856 -16136 ) 
4 165 173 (10208 9856 -16136 ) (10208 9664 -16136 ) (10080 9664 -16136 ) (10080 9856 -16136 ) 
4 165 172 (10192 9856 -16136 ) (10080 9856 -16136 ) (10080 9872 -16136 ) (10192 9872 -16136 ) 
4 165 171 (10080 10240 -16136 ) (10192 10240 -16136 ) (10192 9872 -16136 ) (10080 9872 -16136 ) 
4 165 166 (10080 10240 -16136 ) (10080 9664 -16136 ) (10080 9664 -16024 ) (10080 10240 -16024 ) 
4 166 190 (9216 9664 -15960 ) (9216 10240 -15960 ) (9216 10240 -16136 ) (9216 9664 -16136 ) 
4 166 174 (9216 9664 -16136 ) (9216 9856 -16136 ) (10080 9856 -16136 ) (10080 9664 -16136 ) 
4 166 172 (9216 9856 -16136 ) (9216 9872 -16136 ) (10080 9872 -16136 ) (10080 9856 -16136 ) 
4 166 171 (9216 9872 -16136 ) (9216 10240 -16136 ) (10080 10240 -16136 ) (10080 9872 -16136 ) 
4 166 167 (9216 9664 -16136 ) (10080 9664 -16136 ) (10080 9664 -15960 ) (9216 9664 -15960 ) 
4 167 192 (9216 9600 -15960 ) (9216 9664 -15960 ) (9216 9664 -16136 ) (9216 9600 -16136 ) 
4 167 174 (9216 9600 -16136 ) (9216 9664 -16136 ) (10080 9664 -16136 ) (10080 9600 -16136 ) 
4 168 169 (10226 10240 -16344 ) (10226 9872 -16344 ) (10226 9872 -16152 ) (10226 10240 -16152 ) 
4 169 170 (10222 10240 -16344 ) (10222 9872 -16344 ) (10222 9872 -16152 ) (10222 10240 -16152 ) 
4 170 171 (10192 10240 -16344 ) (10192 9872 -16344 ) (10192 9872 -16152 ) (10192 10240 -16152 ) 
4 171 190 (9216 9872 -16136 ) (9216 10240 -16136 ) (9216 10240 -16344 ) (9216 9872 -16344 ) 
4 171 172 (9216 9872 -16344 ) (10192 9872 -16344 ) (10192 9872 -16136 ) (9216 9872 -16136 ) 
4 172 190 (9216 9856 -16136 ) (9216 9872 -16136 ) (9216 9872 -16344 ) (9216 9856 -16344 ) 
4 172 173 (10080 9856 -16344 ) (10192 9856 -16344 ) (10192 9856 -16136 ) (10080 9856 -16136 ) 
4 172 174 (9216 9856 -16344 ) (10080 9856 -16344 ) (10080 9856 -16136 ) (9216 9856 -16136 ) 
4 173 174 (10080 9856 -16136 ) (10080 9856 -16344 ) (10080 9664 -16344 ) (10080 9664 -16136 ) 
4 174 192 (9216 9600 -16136 ) (9216 9664 -16136 ) (9216 9664 -16344 ) (9216 9600 -16344 ) 
4 174 190 (9216 9664 -16136 ) (9216 9856 -16136 ) (9216 9856 -16344 ) (9216 9664 -16344 ) 
4 175 176 (9056 14784 -16344 ) (9216 14784 -16344 ) (9216 14784 -15960 ) (9056 14784 -15960 ) 
4 176 178 (9216 14336 -16344 ) (9216 14336 -15960 ) (9056 14336 -15960 ) (9056 14336 -16344 ) 
4 176 177 (9056 14784 -16024 ) (9056 14784 -16344 ) (9056 14336 -16344 ) (9056 14336 -16024 ) 
4 177 179 (8928 14336 -16024 ) (8928 14336 -16344 ) (9056 14336 -16344 ) (9056 14336 -16024 ) 
4 178 180 (9056 13760 -16344 ) (9216 13760 -16344 ) (9216 13760 -15960 ) (9056 13760 -15960 ) 
4 178 179 (9056 14336 -16344 ) (9056 13760 -16344 ) (9056 13760 -16024 ) (9056 14336 -16024 ) 
4 181 182 (9056 12736 -16344 ) (9216 12736 -16344 ) (9216 12736 -15960 ) (9056 12736 -15960 ) 
4 182 184 (9216 12288 -16344 ) (9216 12288 -15960 ) (9056 12288 -15960 ) (9056 12288 -16344 ) 
4 182 183 (9056 12736 -16024 ) (9056 12736 -16344 ) (9056 12288 -16344 ) (9056 12288 -16024 ) 
4 183 185 (8928 12288 -16024 ) (8928 12288 -16344 ) (9056 12288 -16344 ) (9056 12288 -16024 ) 
4 184 186 (9056 11712 -16344 ) (9216 11712 -16344 ) (9216 11712 -15960 ) (9056 11712 -15960 ) 
4 184 185 (9056 12288 -16344 ) (9056 11712 -16344 ) (9056 11712 -16024 ) (9056 12288 -16024 ) 
4 187 188 (9056 10688 -16344 ) (9216 10688 -16344 ) (9216 10688 -15960 ) (9056 10688 -15960 ) 
4 188 190 (9216 10240 -16344 ) (9216 10240 -15960 ) (9056 10240 -15960 ) (9056 10240 -16344 ) 
4 188 189 (9056 10688 -16024 ) (9056 10688 -16344 ) (9056 10240 -16344 ) (9056 10240 -16024 ) 
4 189 191 (8928 10240 -16024 ) (8928 10240 -16344 ) (9056 10240 -16344 ) (9056 10240 -16024 ) 
4 190 192 (9056 9664 -16344 ) (9216 9664 -16344 ) (9216 9664 -15960 ) (9056 9664 -15960 ) 
4 190 191 (9056 10240 -16344 ) (9056 9664 -16344 ) (9056 9664 -16024 ) (9056 10240 -16024 ) 
4 193 195 (14336 9216 -15640 ) (14336 9216 -16344 ) (14336 9088 -16344 ) (14336 9088 -15640 ) 
7 193 194 (14336 9088 -16344 ) (15296 9088 -16344 ) (15296 9088 -15960 ) (15240 9088 -15792 ) (15144.001953 9088 -15696 ) (14976.001953 9088 -15640 ) (14336 9088 -15640 ) 
7 194 197 (15360 8192 -16344 ) (15360 8192 -15960 ) (15296 8192 -15767.998047 ) (15168.003906 8192 -15640.001953 ) (14975.998047 8192 -15576 ) (14336 8192 -15576 ) (14336 8192 -16344 ) 
4 194 196 (14336 9088 -16344 ) (14336 8192 -16344 ) (14336 8192 -15576 ) (14336 9088 -15576 ) 
4 195 206 (13312 9216 -15640 ) (13312 9216 -16344 ) (13312 9088 -16344 ) (13312 9088 -15640 ) 
4 195 196 (13312 9088 -15640 ) (13312 9088 -16344 ) (14336 9088 -16344 ) (14336 9088 -15640 ) 
4 196 207 (13312 8192 -16344 ) (13312 8192 -15576 ) (13312 9088 -15576 ) (13312 9088 -16344 ) 
4 196 199 (13600 8192 -15576 ) (13312 8192 -15576 ) (13312 8192 -16344 ) (13600 8192 -16344 ) 
4 196 198 (14336 8192 -16344 ) (14336 8192 -15576 ) (13600 8192 -15576 ) (13600 8192 -16344 ) 
7 197 200 (15144.001953 7168 -15696 ) (14976 7168 -15640 ) (14336 7168 -15640 ) (14336 7168 -16344 ) (15296 7168 -16344 ) (15296 7168 -15960 ) (15240 7168 -15791.998047 ) 
4 197 198 (14336 8192 -15576 ) (14336 8192 -16344 ) (14336 7168 -16344 ) (14336 7168 -15576 ) 
4 198 202 (14336 7168 -16344 ) (14336 7168 -15640 ) (13600 7168 -15640 ) (13600 7168 -16344 ) 
4 198 199 (13600 8192 -15576 ) (13600 8192 -16344 ) (13600 7168 -16344 ) (13600 7168 -15576 ) 
4 199 210 (13312 7168 -16344 ) (13312 7168 -15576 ) (13312 8192 -15576 ) (13312 8192 -16344 ) 
4 199 202 (13600 7168 -16344 ) (13600 7168 -15640 ) (13312 7168 -15640 ) (13312 7168 -16344 ) 
4 200 202 (14336 7168 -15640 ) (14336 7168 -16344 ) (14336 7040 -16344 ) (14336 7040 -15640 ) 
7 200 201 (14336 7040 -16344 ) (15296 7040 -16344 ) (15296 7040 -15960 ) (15240 7040 -15792 ) (15144.001953 7040 -15696 ) (14976.001953 7040 -15640 ) (14336 7040 -15640 ) 
7 201 204 (15360 6144 -16344 ) (15360 6144 -15960 ) (15296 6144 -15767.998047 ) (15168.003906 6144 -15640.001953 ) (14975.998047 6144 -15576 ) (14336 6144 -15576 ) (14336 6144 -16344 ) 
4 201 203 (14336 7040 -16344 ) (14336 6144 -16344 ) (14336 6144 -15576 ) (14336 7040 -15576 ) 
4 202 243 (13312 7040 -16344 ) (13312 7040 -15640 ) (13312 7168 -15640 ) (13312 7168 -16344 ) 
4 202 203 (13312 7040 -15640 ) (13312 7040 -16344 ) (14336 7040 -16344 ) (14336 7040 -15640 ) 
4 203 244 (13312 6144 -16344 ) (13312 6144 -15576 ) (13312 7040 -15576 ) (13312 7040 -16344 ) 
4 203 205 (14336 6144 -16344 ) (14336 6144 -15576 ) (13312 6144 -15576 ) (13312 6144 -16344 ) 
7 204 280 (14976 5120 -15640 ) (14336 5120 -15640 ) (14336 5120 -16344 ) (15296 5120 -16344 ) (15296 5120 -15960 ) (15239.998047 5120 -15791.997070 ) (15144 5120 -15696 ) 
4 204 205 (14336 6144 -15576 ) (14336 6144 -16344 ) (14336 5120 -16344 ) (14336 5120 -15576 ) 
4 205 281 (14336 5120 -16344 ) (14336 5120 -15640 ) (13312 5120 -15640 ) (13312 5120 -16344 ) 
4 205 247 (13312 5120 -16344 ) (13312 5120 -15576 ) (13312 6144 -15576 ) (13312 6144 -16344 ) 
4 206 208 (12288 9216 -15640 ) (12288 9216 -16344 ) (12288 9088 -16344 ) (12288 9088 -15640 ) 
4 206 207 (12288 9088 -15640 ) (12288 9088 -16344 ) (13312 9088 -16344 ) (13312 9088 -15640 ) 
4 207 210 (13312 8192 -16344 ) (13312 8192 -15576 ) (12288 8192 -15576 ) (12288 8192 -16344 ) 
4 207 209 (12288 8192 -16344 ) (12288 8192 -15576 ) (12288 9088 -15576 ) (12288 9088 -16344 ) 
4 208 212 (11264 9216 -15640 ) (11264 9216 -16344 ) (11264 9088 -16344 ) (11264 9088 -15640 ) 
4 208 209 (12288 9088 -16344 ) (12288 9088 -15640 ) (11264 9088 -15640 ) (11264 9088 -16344 ) 
4 209 216 (11264 8192 -16344 ) (11264 8192 -16136 ) (11264 8432 -16136 ) (11264 8432 -16344 ) 
4 209 214 (11264 8432 -16136 ) (11264 9088 -16136 ) (11264 9088 -16344 ) (11264 8432 -16344 ) 
4 209 213 (11264 8192 -16136 ) (11264 8192 -15576 ) (11264 9088 -15576 ) (11264 9088 -16136 ) 
4 209 211 (12288 8192 -16344 ) (12288 8192 -15576 ) (11264 8192 -15576 ) (11264 8192 -16344 ) 
4 210 243 (13312 7168 -16344 ) (13312 7168 -15640 ) (12288 7168 -15640 ) (12288 7168 -16344 ) 
4 210 211 (12288 8192 -15576 ) (12288 8192 -16344 ) (12288 7168 -16344 ) (12288 7168 -15576 ) 
4 211 245 (12288 7168 -16344 ) (12288 7168 -15640 ) (11264 7168 -15640 ) (11264 7168 -16344 ) 
4 211 231 (11264 7168 -16344 ) (11264 7168 -16136 ) (11264 7824 -16136 ) (11264 7824 -16344 ) 
4 211 229 (11264 7824 -16136 ) (11264 8192 -16136 ) (11264 8192 -16344 ) (11264 7824 -16344 ) 
4 211 228 (11264 7168 -16136 ) (11264 7168 -15576 ) (11264 8192 -15576 ) (11264 8192 -16136 ) 
4 212 214 (10304 9088 -16344 ) (11264 9088 -16344 ) (11264 9088 -16136 ) (10304 9088 -16136 ) 
7 212 213 (11264 9088 -16136 ) (11264 9088 -15640 ) (10624.001953 9088 -15640 ) (10456 9088 -15696 ) (10360 9088 -15792 ) (10304 9088 -15960 ) (10304 9088 -16136 ) 
7 213 228 (11264 8192 -16136 ) (11264 8192 -15576 ) (10624.001953 8192 -15576 ) (10431.998047 8192 -15640 ) (10304 8192 -15767.998047 ) (10240 8192 -15960 ) (10240 8192 -16136 ) 
4 213 216 (11264 8192 -16136 ) (10256 8192 -16136 ) (10256 8432 -16136 ) (11264 8432 -16136 ) 
4 213 215 (10240 8448 -16136 ) (10240 9088 -16136 ) (10256 9088 -16136 ) (10256 8448 -16136 ) 
4 213 214 (10256 9088 -16136 ) (11264 9088 -16136 ) (11264 8432 -16136 ) (10256 8432 -16136 ) 
4 214 216 (10256 8432 -16344 ) (11264 8432 -16344 ) (11264 8432 -16136 ) (10256 8432 -16136 ) 
4 214 215 (10256 8448 -16136 ) (10256 9088 -16136 ) (10256 9088 -16344 ) (10256 8448 -16344 ) 
4 216 229 (11264 8192 -16344 ) (11264 8192 -16136 ) (10256 8192 -16136 ) (10256 8192 -16344 ) 
4 216 217 (10256 8432 -16152 ) (10256 8432 -16344 ) (10256 8192 -16344 ) (10256 8192 -16152 ) 
4 217 230 (10240 8192 -16152 ) (10240 8192 -16344 ) (10256 8192 -16344 ) (10256 8192 -16152 ) 
4 217 224 (10240 8432 -16344 ) (10240 8192 -16344 ) (10240 8192 -16152 ) (10240 8432 -16152 ) 
4 218 285 (9216 8704 -16344 ) (9216 8640 -16344 ) (9216 8640 -15960 ) (9216 8704 -15960 ) 
4 218 220 (9216 8640 -16344 ) (10080 8640 -16344 ) (10080 8640 -15960 ) (9216 8640 -15960 ) 
4 219 223 (10080 8448 -16344 ) (10192 8448 -16344 ) (10192 8448 -16136 ) (10080 8448 -16136 ) 
4 219 221 (10208 8448 -16136 ) (10208 8448 -16024 ) (10080 8448 -16024 ) (10080 8448 -16136 ) 
4 219 220 (10080 8640 -16024 ) (10080 8640 -16344 ) (10080 8448 -16344 ) (10080 8448 -16024 ) 
4 220 286 (9216 8640 -16344 ) (9216 8448 -16344 ) (9216 8448 -15960 ) (9216 8640 -15960 ) 
4 220 223 (9216 8448 -16344 ) (10080 8448 -16344 ) (10080 8448 -16136 ) (9216 8448 -16136 ) 
4 220 222 (10080 8448 -16136 ) (10080 8448 -15960 ) (9216 8448 -15960 ) (9216 8448 -16136 ) 
4 221 233 (10080 8192 -16024 ) (10080 8192 -16136 ) (10208 8192 -16136 ) (10208 8192 -16024 ) 
4 221 227 (10192 8192 -16136 ) (10080 8192 -16136 ) (10080 8432 -16136 ) (10192 8432 -16136 ) 
4 221 223 (10080 8432 -16136 ) (10080 8448 -16136 ) (10192 8448 -16136 ) (10192 8432 -16136 ) 
4 221 222 (10080 8448 -16024 ) (10080 8448 -16136 ) (10080 8192 -16136 ) (10080 8192 -16024 ) 
4 222 286 (9216 8192 -16136 ) (9216 8192 -15960 ) (9216 8448 -15960 ) (9216 8448 -16136 ) 
4 222 234 (10080 8192 -15960 ) (9216 8192 -15960 ) (9216 8192 -16136 ) (10080 8192 -16136 ) 
4 222 227 (10080 8192 -16136 ) (9216 8192 -16136 ) (9216 8432 -16136 ) (10080 8432 -16136 ) 
4 222 223 (9216 8432 -16136 ) (9216 8448 -16136 ) (10080 8448 -16136 ) (10080 8432 -16136 ) 
4 223 286 (9216 8448 -16344 ) (9216 8432 -16344 ) (9216 8432 -16136 ) (9216 8448 -16136 ) 
4 223 227 (9216 8432 -16344 ) (10192 8432 -16344 ) (10192 8432 -16136 ) (9216 8432 -16136 ) 
4 224 236 (10240 8192 -16344 ) (10240 8192 -16152 ) (10226 8192 -16152 ) (10226 8192 -16344 ) 
4 224 225 (10226 8432 -16152 ) (10226 8432 -16344 ) (10226 8192 -16344 ) (10226 8192 -16152 ) 
4 225 237 (10222 8192 -16148 ) (10222 8192 -16344 ) (10226 8192 -16344 ) (10226 8192 -16148 ) 
4 225 226 (10222 8432 -16152 ) (10222 8432 -16344 ) (10222 8192 -16344 ) (10222 8192 -16152 ) 
4 226 238 (10192 8192 -16152 ) (10192 8192 -16344 ) (10222 8192 -16344 ) (10222 8192 -16152 ) 
4 226 227 (10192 8432 -16152 ) (10192 8432 -16344 ) (10192 8192 -16344 ) (10192 8192 -16152 ) 
4 227 286 (9216 8432 -16344 ) (9216 8192 -16344 ) (9216 8192 -16136 ) (9216 8432 -16136 ) 
4 227 239 (10192 8192 -16136 ) (9216 8192 -16136 ) (9216 8192 -16344 ) (10192 8192 -16344 ) 
7 228 249 (11264 7168 -16136 ) (11264 7168 -15640 ) (10624 7168 -15640 ) (10455.997070 7168 -15696.001953 ) (10360.001953 7168 -15791.997070 ) (10304 7168 -15960 ) (10304 7168 -16136 ) 
4 228 232 (10256 7168 -16136 ) (10240 7168 -16136 ) (10240 7808 -16136 ) (10256 7808 -16136 ) 
4 228 231 (11264 7824 -16136 ) (11264 7168 -16136 ) (10256 7168 -16136 ) (10256 7824 -16136 ) 
4 228 229 (10256 8192 -16136 ) (11264 8192 -16136 ) (11264 7824 -16136 ) (10256 7824 -16136 ) 
4 229 231 (10256 7824 -16344 ) (11264 7824 -16344 ) (11264 7824 -16136 ) (10256 7824 -16136 ) 
4 229 230 (10256 8192 -16344 ) (10256 7824 -16344 ) (10256 7824 -16152 ) (10256 8192 -16152 ) 
4 230 236 (10240 8192 -16152 ) (10240 8192 -16344 ) (10240 7824 -16344 ) (10240 7824 -16152 ) 
4 231 249 (11264 7168 -16344 ) (11264 7168 -16136 ) (10304 7168 -16136 ) (10304 7168 -16344 ) 
4 231 232 (10256 7808 -16344 ) (10256 7168 -16344 ) (10256 7168 -16136 ) (10256 7808 -16136 ) 
4 233 241 (10208 7808 -16136 ) (10208 7616 -16136 ) (10080 7616 -16136 ) (10080 7808 -16136 ) 
4 233 240 (10192 7808 -16136 ) (10080 7808 -16136 ) (10080 7824 -16136 ) (10192 7824 -16136 ) 
4 233 239 (10080 8192 -16136 ) (10192 8192 -16136 ) (10192 7824 -16136 ) (10080 7824 -16136 ) 
4 233 234 (10080 8192 -16136 ) (10080 7616 -16136 ) (10080 7616 -16024 ) (10080 8192 -16024 ) 
4 234 288 (9216 7616 -15960 ) (9216 8192 -15960 ) (9216 8192 -16136 ) (9216 7616 -16136 ) 
4 234 242 (9216 7616 -16136 ) (9216 7808 -16136 ) (10080 7808 -16136 ) (10080 7616 -16136 ) 
4 234 240 (9216 7808 -16136 ) (9216 7824 -16136 ) (10080 7824 -16136 ) (10080 7808 -16136 ) 
4 234 239 (9216 7824 -16136 ) (9216 8192 -16136 ) (10080 8192 -16136 ) (10080 7824 -16136 ) 
4 234 235 (9216 7616 -16136 ) (10080 7616 -16136 ) (10080 7616 -15960 ) (9216 7616 -15960 ) 
4 235 290 (9216 7552 -15960 ) (9216 7616 -15960 ) (9216 7616 -16136 ) (9216 7552 -16136 ) 
4 235 242 (9216 7552 -16136 ) (9216 7616 -16136 ) (10080 7616 -16136 ) (10080 7552 -16136 ) 
4 236 237 (10226 8192 -16344 ) (10226 7824 -16344 ) (10226 7824 -16152 ) (10226 8192 -16152 ) 
4 237 238 (10222 8192 -16344 ) (10222 7824 -16344 ) (10222 7824 -16152 ) (10222 8192 -16152 ) 
4 238 239 (10192 8192 -16344 ) (10192 7824 -16344 ) (10192 7824 -16152 ) (10192 8192 -16152 ) 
4 239 288 (9216 7824 -16136 ) (9216 8192 -16136 ) (9216 8192 -16344 ) (9216 7824 -16344 ) 
4 239 240 (9216 7824 -16344 ) (10192 7824 -16344 ) (10192 7824 -16136 ) (9216 7824 -16136 ) 
4 240 288 (9216 7808 -16136 ) (9216 7824 -16136 ) (9216 7824 -16344 ) (9216 7808 -16344 ) 
4 240 241 (10080 7808 -16344 ) (10192 7808 -16344 ) (10192 7808 -16136 ) (10080 7808 -16136 ) 
4 240 242 (9216 7808 -16344 ) (10080 7808 -16344 ) (10080 7808 -16136 ) (9216 7808 -16136 ) 
4 241 242 (10080 7808 -16136 ) (10080 7808 -16344 ) (10080 7616 -16344 ) (10080 7616 -16136 ) 
4 242 290 (9216 7552 -16136 ) (9216 7616 -16136 ) (9216 7616 -16344 ) (9216 7552 -16344 ) 
4 242 288 (9216 7616 -16136 ) (9216 7808 -16136 ) (9216 7808 -16344 ) (9216 7616 -16344 ) 
4 243 245 (12288 7168 -15640 ) (12288 7168 -16344 ) (12288 7040 -16344 ) (12288 7040 -15640 ) 
4 243 244 (12288 7040 -15640 ) (12288 7040 -16344 ) (13312 7040 -16344 ) (13312 7040 -15640 ) 
4 244 247 (13312 6144 -16344 ) (13312 6144 -15576 ) (12288 6144 -15576 ) (12288 6144 -16344 ) 
4 244 246 (12288 6144 -16344 ) (12288 6144 -15576 ) (12288 7040 -15576 ) (12288 7040 -16344 ) 
4 245 249 (11264 7168 -15640 ) (11264 7168 -16344 ) (11264 7040 -16344 ) (11264 7040 -15640 ) 
4 245 246 (12288 7040 -16344 ) (12288 7040 -15640 ) (11264 7040 -15640 ) (11264 7040 -16344 ) 
4 246 253 (11264 6144 -16344 ) (11264 6144 -16136 ) (11264 6384 -16136 ) (11264 6384 -16344 ) 
4 246 251 (11264 6384 -16136 ) (11264 7040 -16136 ) (11264 7040 -16344 ) (11264 6384 -16344 ) 
4 246 250 (11264 6144 -16136 ) (11264 6144 -15576 ) (11264 7040 -15576 ) (11264 7040 -16136 ) 
4 246 248 (12288 6144 -16344 ) (12288 6144 -15576 ) (11264 6144 -15576 ) (11264 6144 -16344 ) 
4 247 282 (13312 5120 -16344 ) (13312 5120 -15640 ) (12288 5120 -15640 ) (12288 5120 -16344 ) 
4 247 248 (12288 6144 -15576 ) (12288 6144 -16344 ) (12288 5120 -16344 ) (12288 5120 -15576 ) 
4 248 283 (12288 5120 -16344 ) (12288 5120 -15640 ) (11264 5120 -15640 ) (11264 5120 -16344 ) 
4 248 268 (11264 5120 -16344 ) (11264 5120 -16136 ) (11264 5776 -16136 ) (11264 5776 -16344 ) 
4 248 266 (11264 5776 -16136 ) (11264 6144 -16136 ) (11264 6144 -16344 ) (11264 5776 -16344 ) 
4 248 265 (11264 5120 -16136 ) (11264 5120 -15576 ) (11264 6144 -15576 ) (11264 6144 -16136 ) 
4 249 251 (10304 7040 -16344 ) (11264 7040 -16344 ) (11264 7040 -16136 ) (10304 7040 -16136 ) 
7 249 250 (11264 7040 -16136 ) (11264 7040 -15640 ) (10624.001953 7040 -15640 ) (10455.998047 7040 -15696 ) (10360 7040 -15791.998047 ) (10304 7040 -15960 ) (10304 7040 -16136 ) 
7 250 265 (11264 6144 -16136 ) (11264 6144 -15576 ) (10624.001953 6144 -15576 ) (10431.998047 6144 -15640 ) (10304 6144 -15767.998047 ) (10240 6144 -15960 ) (10240 6144 -16136 ) 
4 250 253 (10256 6384 -16136 ) (11264 6384 -16136 ) (11264 6144 -16136 ) (10256 6144 -16136 ) 
4 250 252 (10240 6400 -16136 ) (10240 7040 -16136 ) (10256 7040 -16136 ) (10256 6400 -16136 ) 
4 250 251 (10256 7040 -16136 ) (11264 7040 -16136 ) (11264 6384 -16136 ) (10256 6384 -16136 ) 
4 251 253 (10256 6384 -16344 ) (11264 6384 -16344 ) (11264 6384 -16136 ) (10256 6384 -16136 ) 
4 251 252 (10256 6400 -16136 ) (10256 7040 -16136 ) (10256 7040 -16344 ) (10256 6400 -16344 ) 
4 253 266 (11264 6144 -16344 ) (11264 6144 -16136 ) (10256 6144 -16136 ) (10256 6144 -16344 ) 
4 253 254 (10256 6384 -16152 ) (10256 6384 -16344 ) (10256 6144 -16344 ) (10256 6144 -16152 ) 
4 254 267 (10240 6144 -16152 ) (10240 6144 -16344 ) (10256 6144 -16344 ) (10256 6144 -16152 ) 
4 254 261 (10240 6384 -16344 ) (10240 6144 -16344 ) (10240 6144 -16152 ) (10240 6384 -16152 ) 
4 255 291 (9216 6592 -15960 ) (9216 6656 -15960 ) (9216 6656 -16344 ) (9216 6592 -16344 ) 
4 255 257 (9216 6592 -16344 ) (10080 6592 -16344 ) (10080 6592 -15960 ) (9216 6592 -15960 ) 
4 256 260 (10080 6400 -16344 ) (10192 6400 -16344 ) (10192 6400 -16136 ) (10080 6400 -16136 ) 
4 256 258 (10208 6400 -16136 ) (10208 6400 -16024 ) (10080 6400 -16024 ) (10080 6400 -16136 ) 
4 256 257 (10080 6592 -16024 ) (10080 6592 -16344 ) (10080 6400 -16344 ) (10080 6400 -16024 ) 
4 257 292 (9216 6400 -15960 ) (9216 6592 -15960 ) (9216 6592 -16344 ) (9216 6400 -16344 ) 
4 257 260 (9216 6400 -16344 ) (10080 6400 -16344 ) (10080 6400 -16136 ) (9216 6400 -16136 ) 
4 257 259 (10080 6400 -16136 ) (10080 6400 -15960 ) (9216 6400 -15960 ) (9216 6400 -16136 ) 
4 258 270 (10080 6144 -16024 ) (10080 6144 -16136 ) (10208 6144 -16136 ) (10208 6144 -16024 ) 
4 258 264 (10192 6144 -16136 ) (10080 6144 -16136 ) (10080 6384 -16136 ) (10192 6384 -16136 ) 
4 258 260 (10080 6384 -16136 ) (10080 6400 -16136 ) (10192 6400 -16136 ) (10192 6384 -16136 ) 
4 258 259 (10080 6400 -16024 ) (10080 6400 -16136 ) (10080 6144 -16136 ) (10080 6144 -16024 ) 
4 259 292 (9216 6144 -16136 ) (9216 6144 -15960 ) (9216 6400 -15960 ) (9216 6400 -16136 ) 
4 259 271 (10080 6144 -15960 ) (9216 6144 -15960 ) (9216 6144 -16136 ) (10080 6144 -16136 ) 
4 259 264 (10080 6144 -16136 ) (9216 6144 -16136 ) (9216 6384 -16136 ) (10080 6384 -16136 ) 
4 259 260 (9216 6384 -16136 ) (9216 6400 -16136 ) (10080 6400 -16136 ) (10080 6384 -16136 ) 
4 260 292 (9216 6384 -16136 ) (9216 6400 -16136 ) (9216 6400 -16344 ) (9216 6384 -16344 ) 
4 260 264 (9216 6384 -16344 ) (10192 6384 -16344 ) (10192 6384 -16136 ) (9216 6384 -16136 ) 
4 261 273 (10240 6144 -16344 ) (10240 6144 -16152 ) (10226 6144 -16152 ) (10226 6144 -16344 ) 
4 261 262 (10226 6384 -16152 ) (10226 6384 -16344 ) (10226 6144 -16344 ) (10226 6144 -16152 ) 
4 262 274 (10222 6144 -16148 ) (10222 6144 -16344 ) (10226 6144 -16344 ) (10226 6144 -16148 ) 
4 262 263 (10222 6384 -16152 ) (10222 6384 -16344 ) (10222 6144 -16344 ) (10222 6144 -16152 ) 
4 263 275 (10192 6144 -16152 ) (10192 6144 -16344 ) (10222 6144 -16344 ) (10222 6144 -16152 ) 
4 263 264 (10192 6384 -16152 ) (10192 6384 -16344 ) (10192 6144 -16344 ) (10192 6144 -16152 ) 
4 264 292 (9216 6144 -16344 ) (9216 6144 -16136 ) (9216 6384 -16136 ) (9216 6384 -16344 ) 
4 264 276 (10192 6144 -16136 ) (9216 6144 -16136 ) (9216 6144 -16344 ) (10192 6144 -16344 ) 
7 265 284 (11264 5120 -16136 ) (11264 5120 -15640 ) (10624 5120 -15640 ) (10455.997070 5120 -15696 ) (10360 5120 -15791.997070 ) (10304 5120 -15960 ) (10304 5120 -16136 ) 
4 265 269 (10256 5120 -16136 ) (10240 5120 -16136 ) (10240 5760 -16136 ) (10256 5760 -16136 ) 
4 265 268 (11264 5120 -16136 ) (10256 5120 -16136 ) (10256 5776 -16136 ) (11264 5776 -16136 ) 
4 265 266 (10256 6144 -16136 ) (11264 6144 -16136 ) (11264 5776 -16136 ) (10256 5776 -16136 ) 
4 266 268 (10256 5776 -16344 ) (11264 5776 -16344 ) (11264 5776 -16136 ) (10256 5776 -16136 ) 
4 266 267 (10256 6144 -16344 ) (10256 5776 -16344 ) (10256 5776 -16152 ) (10256 6144 -16152 ) 
4 267 273 (10240 6144 -16152 ) (10240 6144 -16344 ) (10240 5776 -16344 ) (10240 5776 -16152 ) 
4 268 284 (11264 5120 -16344 ) (11264 5120 -16136 ) (10304 5120 -16136 ) (10304 5120 -16344 ) 
4 268 269 (10256 5760 -16344 ) (10256 5120 -16344 ) (10256 5120 -16136 ) (10256 5760 -16136 ) 
4 270 278 (10208 5760 -16136 ) (10208 5568 -16136 ) (10080 5568 -16136 ) (10080 5760 -16136 ) 
4 270 277 (10192 5760 -16136 ) (10080 5760 -16136 ) (10080 5776 -16136 ) (10192 5776 -16136 ) 
4 270 276 (10080 6144 -16136 ) (10192 6144 -16136 ) (10192 5776 -16136 ) (10080 5776 -16136 ) 
4 270 271 (10080 6144 -16136 ) (10080 5568 -16136 ) (10080 5568 -16024 ) (10080 6144 -16024 ) 
4 271 294 (9216 5568 -15960 ) (9216 6144 -15960 ) (9216 6144 -16136 ) (9216 5568 -16136 ) 
4 271 279 (9216 5568 -16136 ) (9216 5760 -16136 ) (10080 5760 -16136 ) (10080 5568 -16136 ) 
4 271 277 (9216 5760 -16136 ) (9216 5776 -16136 ) (10080 5776 -16136 ) (10080 5760 -16136 ) 
4 271 276 (9216 5776 -16136 ) (9216 6144 -16136 ) (10080 6144 -16136 ) (10080 5776 -16136 ) 
4 271 272 (9216 5568 -16136 ) (10080 5568 -16136 ) (10080 5568 -15960 ) (9216 5568 -15960 ) 
4 272 296 (9216 5504 -15960 ) (9216 5568 -15960 ) (9216 5568 -16136 ) (9216 5504 -16136 ) 
4 272 279 (9216 5504 -16136 ) (9216 5568 -16136 ) (10080 5568 -16136 ) (10080 5504 -16136 ) 
4 273 274 (10226 6144 -16344 ) (10226 5776 -16344 ) (10226 5776 -16152 ) (10226 6144 -16152 ) 
4 274 275 (10222 6144 -16344 ) (10222 5776 -16344 ) (10222 5776 -16152 ) (10222 6144 -16152 ) 
4 275 276 (10192 6144 -16344 ) (10192 5776 -16344 ) (10192 5776 -16152 ) (10192 6144 -16152 ) 
4 276 294 (9216 5776 -16136 ) (9216 6144 -16136 ) (9216 6144 -16344 ) (9216 5776 -16344 ) 
4 276 277 (9216 5776 -16344 ) (10192 5776 -16344 ) (10192 5776 -16136 ) (9216 5776 -16136 ) 
4 277 294 (9216 5760 -16136 ) (9216 5776 -16136 ) (9216 5776 -16344 ) (9216 5760 -16344 ) 
4 277 278 (10080 5760 -16344 ) (10192 5760 -16344 ) (10192 5760 -16136 ) (10080 5760 -16136 ) 
4 277 279 (9216 5760 -16344 ) (10080 5760 -16344 ) (10080 5760 -16136 ) (9216 5760 -16136 ) 
4 278 279 (10080 5760 -16136 ) (10080 5760 -16344 ) (10080 5568 -16344 ) (10080 5568 -16136 ) 
4 279 296 (9216 5504 -16136 ) (9216 5568 -16136 ) (9216 5568 -16344 ) (9216 5504 -16344 ) 
4 279 294 (9216 5568 -16136 ) (9216 5760 -16136 ) (9216 5760 -16344 ) (9216 5568 -16344 ) 
4 280 281 (14336 5120 -15640 ) (14336 5120 -16344 ) (14336 4992.200195 -16344 ) (14336 4992.200195 -15640 ) 
4 281 282 (13312 5120 -15640 ) (13312 5120 -16344 ) (13312 4992.200195 -16344 ) (13312 4992.200195 -15640 ) 
4 282 283 (12288 5120 -15640 ) (12288 5120 -16344 ) (12288 4992.200195 -16344 ) (12288 4992.200195 -15640 ) 
4 283 284 (11264 5120 -15640 ) (11264 5120 -16344 ) (11264 4992.200195 -16344 ) (11264 4992.200195 -15640 ) 
4 285 286 (9056 8640 -16344 ) (9216 8640 -16344 ) (9216 8640 -15960 ) (9056 8640 -15960 ) 
4 286 288 (9216 8192 -16344 ) (9216 8192 -15960 ) (9056 8192 -15960 ) (9056 8192 -16344 ) 
4 286 287 (9056 8640 -16024 ) (9056 8640 -16344 ) (9056 8192 -16344 ) (9056 8192 -16024 ) 
4 287 289 (8928 8192 -16024 ) (8928 8192 -16344 ) (9056 8192 -16344 ) (9056 8192 -16024 ) 
4 288 290 (9056 7616 -16344 ) (9216 7616 -16344 ) (9216 7616 -15960 ) (9056 7616 -15960 ) 
4 288 289 (9056 8192 -16344 ) (9056 7616 -16344 ) (9056 7616 -16024 ) (9056 8192 -16024 ) 
4 291 292 (9056 6592 -16344 ) (9216 6592 -16344 ) (9216 6592 -15960 ) (9056 6592 -15960 ) 
4 292 294 (9216 6144 -16344 ) (9216 6144 -15960 ) (9056 6144 -15960 ) (9056 6144 -16344 ) 
4 292 293 (9056 6592 -16024 ) (9056 6592 -16344 ) (9056 6144 -16344 ) (9056 6144 -16024 ) 
4 293 295 (8928 6144 -16024 ) (8928 6144 -16344 ) (9056 6144 -16344 ) (9056 6144 -16024 ) 
4 294 296 (9056 5568 -16344 ) (9216 5568 -16344 ) (9216 5568 -15960 ) (9056 5568 -15960 ) 
4 294 295 (9056 6144 -16344 ) (9056 5568 -16344 ) (9056 5568 -16024 ) (9056 6144 -16024 ) 
